8radu4yWPiZsAQC6bJSK/8radu4yWPiZsAQC6bJSK-sub_402244.json
dHUq5yM8w0LND9PaepZY/dHUq5yM8w0LND9PaepZY-rtn_0.json
E8vGptxQ9XyHZ3RiJoD0/E8vGptxQ9XyHZ3RiJoD0-sub_1005D4D8.json
dHUq5yM8w0LND9PaepZY/dHUq5yM8w0LND9PaepZY-sub_4038F9.json
E8vGptxQ9XyHZ3RiJoD0/E8vGptxQ9XyHZ3RiJoD0-sub_1000F6C0.json
E8vGptxQ9XyHZ3RiJoD0/E8vGptxQ9XyHZ3RiJoD0-sub_10006400.json
Cvi1y2efF0AhORZ75uNK/Cvi1y2efF0AhORZ75uNK-rtn_6.json
8radu4yWPiZsAQC6bJSK/8radu4yWPiZsAQC6bJSK-start.json
9ldBHV2NJysZCeurLcam/9ldBHV2NJysZCeurLcam-sub_10015B80.json
E8vGptxQ9XyHZ3RiJoD0/E8vGptxQ9XyHZ3RiJoD0-sub_10004920.json
E8vGptxQ9XyHZ3RiJoD0/E8vGptxQ9XyHZ3RiJoD0-sub_10013740.json
J8EvIQbVSYOXxKC4wgd5/J8EvIQbVSYOXxKC4wgd5-sub_10004FDB.json
Gq5fwFsb7cHlhy2zTO9I/Gq5fwFsb7cHlhy2zTO9I-sub_409FD0.json
Gq5fwFsb7cHlhy2zTO9I/Gq5fwFsb7cHlhy2zTO9I-rtn_50.json
7rIRLujKkM9NAsDd5Etc/7rIRLujKkM9NAsDd5Etc-rtn_91.json
9ldBHV2NJysZCeurLcam/9ldBHV2NJysZCeurLcam-sub_10028220.json
Li5YIMaubo4TWtEV7gxs/Li5YIMaubo4TWtEV7gxs-sub_10003366.json
iCnEzomH19dKjvfZQ4g8/iCnEzomH19dKjvfZQ4g8-sub_40B511.json
E8vGptxQ9XyHZ3RiJoD0/E8vGptxQ9XyHZ3RiJoD0-sub_1003B4E0.json
EVxmNT7dKfBMebuyaRkg/EVxmNT7dKfBMebuyaRkg-sub_10004A34.json
9DiHIregYkyCL3lzNvtJ/9DiHIregYkyCL3lzNvtJ-rtn_101.json
Gq5fwFsb7cHlhy2zTO9I/Gq5fwFsb7cHlhy2zTO9I-sub_417400.json
iCnEzomH19dKjvfZQ4g8/iCnEzomH19dKjvfZQ4g8-sub_414ADC.json
AkMBjErNyVGnWaouCQZf/AkMBjErNyVGnWaouCQZf-rtn_34.json
E8vGptxQ9XyHZ3RiJoD0/E8vGptxQ9XyHZ3RiJoD0-sub_1001FE08.json
4o0CMefnHO3xUI8XYVbW/4o0CMefnHO3xUI8XYVbW-sub_401AC0.json
chIxPYzG7tBTm9AXDgUC/chIxPYzG7tBTm9AXDgUC-sub_402CF4.json
1wzULSbfxGolZhD4XIAs/1wzULSbfxGolZhD4XIAs-sub_54073A.json
E8vGptxQ9XyHZ3RiJoD0/E8vGptxQ9XyHZ3RiJoD0-sub_10008C10.json
4rQn1u9Ygp2ZahEk8mM6/4rQn1u9Ygp2ZahEk8mM6-sub_402976.json
E8vGptxQ9XyHZ3RiJoD0/E8vGptxQ9XyHZ3RiJoD0-sub_10055990.json
fE8nLpWCmaTtuvchbR1I/fE8nLpWCmaTtuvchbR1I-sub_401E70.json
85lCRjIZmV670qYBJSNo/85lCRjIZmV670qYBJSNo-sub_446360.json
idDSEvTsVqZhI7MlKnGu/idDSEvTsVqZhI7MlKnGu-rtn_0.json
E8vGptxQ9XyHZ3RiJoD0/E8vGptxQ9XyHZ3RiJoD0-sub_1003CA80.json
9ldBHV2NJysZCeurLcam/9ldBHV2NJysZCeurLcam-sub_10011F80.json
chIxPYzG7tBTm9AXDgUC/chIxPYzG7tBTm9AXDgUC-rtn_13.json
Cvi1y2efF0AhORZ75uNK/Cvi1y2efF0AhORZ75uNK-sub_405E08.json
E8vGptxQ9XyHZ3RiJoD0/E8vGptxQ9XyHZ3RiJoD0-sub_100052E0.json
85lCRjIZmV670qYBJSNo/85lCRjIZmV670qYBJSNo-sub_444E11.json
0WQtf1pNPdRqUI7KJFAT/0WQtf1pNPdRqUI7KJFAT-sub_41DD67.json
85lCRjIZmV670qYBJSNo/85lCRjIZmV670qYBJSNo-sub_43DC69.json
E8vGptxQ9XyHZ3RiJoD0/E8vGptxQ9XyHZ3RiJoD0-sub_100526C0.json
ebcREpnCkZU65oBVHTj7/ebcREpnCkZU65oBVHTj7-rtn_27.json
4rQn1u9Ygp2ZahEk8mM6/4rQn1u9Ygp2ZahEk8mM6-sub_406950.json
E8vGptxQ9XyHZ3RiJoD0/E8vGptxQ9XyHZ3RiJoD0-sub_10025160.json
85lCRjIZmV670qYBJSNo/85lCRjIZmV670qYBJSNo-sub_42A3F2.json
85lCRjIZmV670qYBJSNo/85lCRjIZmV670qYBJSNo-rtn_129.json
Gq5fwFsb7cHlhy2zTO9I/Gq5fwFsb7cHlhy2zTO9I-sub_40ADF8.json
h58VsWF3CjNwgxZenm7l/h58VsWF3CjNwgxZenm7l-sub_424E3F.json
JuAyLarnUdx5cRYT1v7M/JuAyLarnUdx5cRYT1v7M-sub_100098F0.json
cYQ7s8Kei2VALkgHlJGb/cYQ7s8Kei2VALkgHlJGb-sub_541C66.json
85lCRjIZmV670qYBJSNo/85lCRjIZmV670qYBJSNo-rtn_78.json
E8vGptxQ9XyHZ3RiJoD0/E8vGptxQ9XyHZ3RiJoD0-sub_10059610.json
0WQtf1pNPdRqUI7KJFAT/0WQtf1pNPdRqUI7KJFAT-rtn_21.json
85lCRjIZmV670qYBJSNo/85lCRjIZmV670qYBJSNo-rtn_21.json
iCnEzomH19dKjvfZQ4g8/iCnEzomH19dKjvfZQ4g8-sub_417290.json
85lCRjIZmV670qYBJSNo/85lCRjIZmV670qYBJSNo-rtn_140.json
ewsfhA3Dunp49SFNMoVR/ewsfhA3Dunp49SFNMoVR-start.json
E8vGptxQ9XyHZ3RiJoD0/E8vGptxQ9XyHZ3RiJoD0-sub_100581B0.json
eNhamfpF47A0WXjSiTqk/eNhamfpF47A0WXjSiTqk-sub_406170.json
4o0CMefnHO3xUI8XYVbW/4o0CMefnHO3xUI8XYVbW-rtn_29.json
85lCRjIZmV670qYBJSNo/85lCRjIZmV670qYBJSNo-sub_43011D.json
85lCRjIZmV670qYBJSNo/85lCRjIZmV670qYBJSNo-rtn_142.json
6Jrdwx7NlTG4HuOYPvBn/6Jrdwx7NlTG4HuOYPvBn-rtn_30.json
FdCMeDTY76jcz1EpqLhQ/FdCMeDTY76jcz1EpqLhQ-rtn_2.json
85lCRjIZmV670qYBJSNo/85lCRjIZmV670qYBJSNo-rtn_83.json
8jYo6TrpmwN2BGyEgsKd/8jYo6TrpmwN2BGyEgsKd-rtn_0.json
0WQtf1pNPdRqUI7KJFAT/0WQtf1pNPdRqUI7KJFAT-rtn_36.json
jM2ezG5TVpPDmlEBZN7b/jM2ezG5TVpPDmlEBZN7b-rtn_0.json
fE8nLpWCmaTtuvchbR1I/fE8nLpWCmaTtuvchbR1I-rtn_19.json
6B2JSV7e5Ik8lAM9WqPG/6B2JSV7e5Ik8lAM9WqPG-rtn_2.json
FdCMeDTY76jcz1EpqLhQ/FdCMeDTY76jcz1EpqLhQ-rtn_0.json
DzCt290diLU3eKIExNpv/DzCt290diLU3eKIExNpv-rtn_0.json
85lCRjIZmV670qYBJSNo/85lCRjIZmV670qYBJSNo-rtn_80.json
7h32P6rADjMVEQuoOJIB/7h32P6rADjMVEQuoOJIB-rtn_1.json
Bgd518FpSGfwvekMYxUR/Bgd518FpSGfwvekMYxUR-rtn_75.json
2vzlFiPL03STnwtDhoCU/2vzlFiPL03STnwtDhoCU-rtn_0.json
85lCRjIZmV670qYBJSNo/85lCRjIZmV670qYBJSNo-rtn_23.json
